[2021-06-29T22:38:04.016] [DEBUG] cheese - login => username:admin,password:123456
[2021-06-29T22:38:04.018] [DEBUG] cheese - admin
[2021-06-29T22:55:53.481] [DEBUG] cheese - login => username:admin,password:123456
[2021-06-29T22:55:53.481] [DEBUG] cheese - admin
[2021-06-29T22:55:53.483] [DEBUG] cheese - login => username:admin,password:123456
[2021-06-29T22:55:53.483] [DEBUG] cheese - admin
[2021-06-29T22:55:53.484] [DEBUG] cheese - login => username:admin,password:123456
[2021-06-29T22:55:53.484] [DEBUG] cheese - admin
[2021-06-29T22:55:53.488] [DEBUG] cheese - null
[2021-06-29T22:55:53.488] [DEBUG] cheese - null
[2021-06-29T22:55:53.584] [DEBUG] cheese - null
[2021-06-29T22:55:53.584] [DEBUG] cheese - null
[2021-06-29T22:55:53.658] [DEBUG] cheese - null
[2021-06-29T22:55:53.658] [DEBUG] cheese - null
[2021-06-29T22:55:53.732] [DEBUG] cheese - null
[2021-06-29T22:55:53.733] [DEBUG] cheese - null
[2021-06-29T22:56:29.422] [DEBUG] cheese - login => username:admin,password:123456
[2021-06-29T22:56:29.422] [DEBUG] cheese - admin
[2021-06-29T22:56:29.424] [DEBUG] cheese - null
[2021-06-29T22:56:29.424] [DEBUG] cheese - null
[2021-06-30T12:31:04.381] [DEBUG] cheese - login => username:admin,password:123456
[2021-06-30T12:31:04.385] [DEBUG] cheese - admin
[2021-06-30T12:31:04.397] [DEBUG] cheese - null
[2021-06-30T12:31:04.398] [DEBUG] cheese - null
[2021-06-30T20:32:27.618] [DEBUG] cheese - login => username:admin,password:123456
[2021-06-30T20:32:27.620] [DEBUG] cheese - admin
[2021-06-30T20:32:27.627] [DEBUG] cheese - null
[2021-06-30T20:32:27.627] [DEBUG] cheese - null
[2021-07-03T10:05:17.050] [DEBUG] cheese - login => username:admin,password:123456
[2021-07-03T10:05:17.051] [DEBUG] cheese - admin
[2021-07-03T10:05:17.231] [DEBUG] cheese - null
[2021-07-03T10:05:17.231] [DEBUG] cheese - null
[2021-07-03T14:16:07.465] [DEBUG] cheese - login => username:admin,password:123456
[2021-07-03T14:16:07.466] [DEBUG] cheese - admin
[2021-07-03T14:16:07.482] [DEBUG] cheese - null
[2021-07-03T14:16:07.483] [DEBUG] cheese - null
[2021-07-07T10:12:49.998] [DEBUG] cheese - login => username:admin,password:123456
[2021-07-07T10:12:49.999] [DEBUG] cheese - admin
[2021-07-07T10:12:50.053] [DEBUG] cheese - null
[2021-07-07T10:12:50.054] [DEBUG] cheese - null
[2021-07-10T11:32:46.736] [DEBUG] cheese - login => username:admin,password:123456
[2021-07-10T11:32:46.737] [DEBUG] cheese - admin
[2021-07-10T11:32:46.841] [DEBUG] cheese - null
[2021-07-10T11:32:46.841] [DEBUG] cheese - null
[2021-07-10T16:57:57.226] [DEBUG] cheese - login => username:admin,password:123456
[2021-07-10T16:57:57.234] [DEBUG] cheese - admin
[2021-07-10T16:57:57.236] [DEBUG] cheese - login => username:admin,password:123456
[2021-07-10T16:57:57.236] [DEBUG] cheese - admin
[2021-07-10T16:57:57.348] [DEBUG] cheese - null
[2021-07-10T16:57:57.348] [DEBUG] cheese - null
[2021-07-10T16:57:57.423] [DEBUG] cheese - null
[2021-07-10T16:57:57.423] [DEBUG] cheese - null
[2021-07-10T16:58:22.396] [DEBUG] cheese - login => username:admin,password:123456
[2021-07-10T16:58:22.398] [DEBUG] cheese - admin
[2021-07-10T16:58:22.411] [DEBUG] cheese - null
[2021-07-10T16:58:22.412] [DEBUG] cheese - null
[2021-07-10T17:42:28.107] [DEBUG] cheese - null
[2021-08-15T20:39:50.396] [DEBUG] cheese - login => username:admin,password:123456
[2021-08-15T20:39:50.398] [DEBUG] cheese - admin
[2021-08-15T20:39:50.513] [DEBUG] cheese - null
[2021-08-15T20:39:50.513] [DEBUG] cheese - null
[2021-08-15T20:44:23.214] [DEBUG] cheese - login => username:admin,password:123456
[2021-08-15T20:44:23.214] [DEBUG] cheese - admin
[2021-08-15T20:44:23.217] [DEBUG] cheese - login => username:admin,password:123456
[2021-08-15T20:44:23.217] [DEBUG] cheese - admin
[2021-08-15T20:44:23.221] [DEBUG] cheese - null
[2021-08-15T20:44:23.221] [DEBUG] cheese - null
[2021-08-15T20:44:23.292] [DEBUG] cheese - null
[2021-08-15T20:44:23.292] [DEBUG] cheese - null
[2021-08-15T20:52:54.546] [DEBUG] cheese - null
[2021-08-15T20:56:29.520] [DEBUG] cheese - null
[2021-08-15T22:33:34.986] [DEBUG] cheese - login => username:admin,password:123456
[2021-08-15T22:33:34.988] [DEBUG] cheese - admin
[2021-08-15T22:33:34.992] [DEBUG] cheese - null
[2021-08-15T22:33:34.993] [DEBUG] cheese - null
[2021-08-15T22:34:02.533] [DEBUG] cheese - login => username:admin,password:123456
[2021-08-15T22:34:02.538] [DEBUG] cheese - admin
[2021-08-15T22:34:02.543] [DEBUG] cheese - null
[2021-08-15T22:34:02.544] [DEBUG] cheese - null
[2021-08-15T22:34:10.888] [DEBUG] cheese - login => username:admin1,password:123456
[2021-08-15T22:34:10.888] [DEBUG] cheese - admin1
[2021-08-15T22:34:10.996] [DEBUG] cheese - null
[2021-08-15T22:34:10.996] [DEBUG] cheese - null
[2021-08-15T22:34:15.007] [DEBUG] cheese - login => username:admin,password:123456
[2021-08-15T22:34:15.008] [DEBUG] cheese - admin
[2021-08-15T22:34:15.009] [DEBUG] cheese - null
[2021-08-15T22:34:15.009] [DEBUG] cheese - null
